mode: count
github.com/Suhaan-Bhandary/fundraiser-management/internal/api/admin.go:12.89,13.54 1 1
github.com/Suhaan-Bhandary/fundraiser-management/internal/api/admin.go:13.54,15.17 2 7
github.com/Suhaan-Bhandary/fundraiser-management/internal/api/admin.go:15.17,18.4 2 1
github.com/Suhaan-Bhandary/fundraiser-management/internal/api/admin.go:20.3,21.17 2 6
github.com/Suhaan-Bhandary/fundraiser-management/internal/api/admin.go:21.17,24.4 2 3
github.com/Suhaan-Bhandary/fundraiser-management/internal/api/admin.go:26.3,27.17 2 3
github.com/Suhaan-Bhandary/fundraiser-management/internal/api/admin.go:27.17,31.4 3 2
github.com/Suhaan-Bhandary/fundraiser-management/internal/api/admin.go:33.3,35.5 1 1
github.com/Suhaan-Bhandary/fundraiser-management/internal/api/admin_decoder.go:11.78,14.16 3 7
github.com/Suhaan-Bhandary/fundraiser-management/internal/api/admin_decoder.go:14.16,16.3 1 1
github.com/Suhaan-Bhandary/fundraiser-management/internal/api/admin_decoder.go:18.2,18.17 1 6
github.com/Suhaan-Bhandary/fundraiser-management/internal/api/api_decoder.go:15.46,19.27 3 60
github.com/Suhaan-Bhandary/fundraiser-management/internal/api/api_decoder.go:19.27,21.3 1 14
github.com/Suhaan-Bhandary/fundraiser-management/internal/api/api_decoder.go:23.2,23.22 1 46
github.com/Suhaan-Bhandary/fundraiser-management/internal/api/api_decoder.go:26.69,27.16 1 42
github.com/Suhaan-Bhandary/fundraiser-management/internal/api/api_decoder.go:27.16,29.3 1 0
github.com/Suhaan-Bhandary/fundraiser-management/internal/api/api_decoder.go:31.2,32.9 2 42
github.com/Suhaan-Bhandary/fundraiser-management/internal/api/api_decoder.go:32.9,34.3 1 7
github.com/Suhaan-Bhandary/fundraiser-management/internal/api/api_decoder.go:36.2,36.23 1 35
github.com/Suhaan-Bhandary/fundraiser-management/internal/api/fundraiser.go:13.99,14.54 1 1
github.com/Suhaan-Bhandary/fundraiser-management/internal/api/fundraiser.go:14.54,16.17 2 9
github.com/Suhaan-Bhandary/fundraiser-management/internal/api/fundraiser.go:16.17,20.4 3 2
github.com/Suhaan-Bhandary/fundraiser-management/internal/api/fundraiser.go:22.3,23.17 2 7
github.com/Suhaan-Bhandary/fundraiser-management/internal/api/fundraiser.go:23.17,26.4 2 5
github.com/Suhaan-Bhandary/fundraiser-management/internal/api/fundraiser.go:28.3,29.17 2 2
github.com/Suhaan-Bhandary/fundraiser-management/internal/api/fundraiser.go:29.17,32.4 2 1
github.com/Suhaan-Bhandary/fundraiser-management/internal/api/fundraiser.go:34.3,36.5 1 1
github.com/Suhaan-Bhandary/fundraiser-management/internal/api/fundraiser.go:40.99,41.54 1 1
github.com/Suhaan-Bhandary/fundraiser-management/internal/api/fundraiser.go:41.54,43.17 2 5
github.com/Suhaan-Bhandary/fundraiser-management/internal/api/fundraiser.go:43.17,47.4 3 2
github.com/Suhaan-Bhandary/fundraiser-management/internal/api/fundraiser.go:49.3,50.17 2 3
github.com/Suhaan-Bhandary/fundraiser-management/internal/api/fundraiser.go:50.17,54.4 3 2
github.com/Suhaan-Bhandary/fundraiser-management/internal/api/fundraiser.go:56.3,58.5 1 1
github.com/Suhaan-Bhandary/fundraiser-management/internal/api/fundraiser.go:62.99,63.54 1 1
github.com/Suhaan-Bhandary/fundraiser-management/internal/api/fundraiser.go:63.54,65.17 2 7
github.com/Suhaan-Bhandary/fundraiser-management/internal/api/fundraiser.go:65.17,69.4 3 3
github.com/Suhaan-Bhandary/fundraiser-management/internal/api/fundraiser.go:71.3,72.17 2 4
github.com/Suhaan-Bhandary/fundraiser-management/internal/api/fundraiser.go:72.17,75.4 2 1
github.com/Suhaan-Bhandary/fundraiser-management/internal/api/fundraiser.go:77.3,78.17 2 3
github.com/Suhaan-Bhandary/fundraiser-management/internal/api/fundraiser.go:78.17,82.4 3 1
github.com/Suhaan-Bhandary/fundraiser-management/internal/api/fundraiser.go:84.3,86.5 1 2
github.com/Suhaan-Bhandary/fundraiser-management/internal/api/fundraiser.go:90.96,91.54 1 1
github.com/Suhaan-Bhandary/fundraiser-management/internal/api/fundraiser.go:91.54,93.17 2 4
github.com/Suhaan-Bhandary/fundraiser-management/internal/api/fundraiser.go:93.17,96.4 2 1
github.com/Suhaan-Bhandary/fundraiser-management/internal/api/fundraiser.go:98.3,99.17 2 3
github.com/Suhaan-Bhandary/fundraiser-management/internal/api/fundraiser.go:99.17,103.4 3 2
github.com/Suhaan-Bhandary/fundraiser-management/internal/api/fundraiser.go:105.3,107.5 1 1
github.com/Suhaan-Bhandary/fundraiser-management/internal/api/fundraiser.go:111.98,112.54 1 1
github.com/Suhaan-Bhandary/fundraiser-management/internal/api/fundraiser.go:112.54,114.17 2 5
github.com/Suhaan-Bhandary/fundraiser-management/internal/api/fundraiser.go:114.17,117.4 2 1
github.com/Suhaan-Bhandary/fundraiser-management/internal/api/fundraiser.go:119.3,120.17 2 4
github.com/Suhaan-Bhandary/fundraiser-management/internal/api/fundraiser.go:120.17,123.4 2 1
github.com/Suhaan-Bhandary/fundraiser-management/internal/api/fundraiser.go:125.3,126.17 2 3
github.com/Suhaan-Bhandary/fundraiser-management/internal/api/fundraiser.go:126.17,130.4 3 2
github.com/Suhaan-Bhandary/fundraiser-management/internal/api/fundraiser.go:132.3,134.5 1 1
github.com/Suhaan-Bhandary/fundraiser-management/internal/api/fundraiser.go:138.96,139.54 1 1
github.com/Suhaan-Bhandary/fundraiser-management/internal/api/fundraiser.go:139.54,141.17 2 4
github.com/Suhaan-Bhandary/fundraiser-management/internal/api/fundraiser.go:141.17,144.4 2 1
github.com/Suhaan-Bhandary/fundraiser-management/internal/api/fundraiser.go:146.3,147.17 2 3
github.com/Suhaan-Bhandary/fundraiser-management/internal/api/fundraiser.go:147.17,151.4 3 2
github.com/Suhaan-Bhandary/fundraiser-management/internal/api/fundraiser.go:153.3,155.5 1 1
github.com/Suhaan-Bhandary/fundraiser-management/internal/api/fundraiser.go:159.98,160.54 1 1
github.com/Suhaan-Bhandary/fundraiser-management/internal/api/fundraiser.go:160.54,162.17 2 4
github.com/Suhaan-Bhandary/fundraiser-management/internal/api/fundraiser.go:162.17,165.4 2 1
github.com/Suhaan-Bhandary/fundraiser-management/internal/api/fundraiser.go:167.3,168.17 2 3
github.com/Suhaan-Bhandary/fundraiser-management/internal/api/fundraiser.go:168.17,172.4 3 2
github.com/Suhaan-Bhandary/fundraiser-management/internal/api/fundraiser.go:174.3,176.5 1 1
github.com/Suhaan-Bhandary/fundraiser-management/internal/api/fundraiser.go:180.98,181.54 1 1
github.com/Suhaan-Bhandary/fundraiser-management/internal/api/fundraiser.go:181.54,183.17 2 8
github.com/Suhaan-Bhandary/fundraiser-management/internal/api/fundraiser.go:183.17,187.4 3 2
github.com/Suhaan-Bhandary/fundraiser-management/internal/api/fundraiser.go:189.3,190.17 2 6
github.com/Suhaan-Bhandary/fundraiser-management/internal/api/fundraiser.go:190.17,193.4 2 2
github.com/Suhaan-Bhandary/fundraiser-management/internal/api/fundraiser.go:195.3,196.17 2 4
github.com/Suhaan-Bhandary/fundraiser-management/internal/api/fundraiser.go:196.17,200.4 3 1
github.com/Suhaan-Bhandary/fundraiser-management/internal/api/fundraiser.go:202.3,205.5 1 3
github.com/Suhaan-Bhandary/fundraiser-management/internal/api/fundraiser.go:209.108,210.54 1 1
github.com/Suhaan-Bhandary/fundraiser-management/internal/api/fundraiser.go:210.54,212.17 2 5
github.com/Suhaan-Bhandary/fundraiser-management/internal/api/fundraiser.go:212.17,216.4 3 2
github.com/Suhaan-Bhandary/fundraiser-management/internal/api/fundraiser.go:218.3,219.17 2 3
github.com/Suhaan-Bhandary/fundraiser-management/internal/api/fundraiser.go:219.17,222.4 2 1
github.com/Suhaan-Bhandary/fundraiser-management/internal/api/fundraiser.go:224.3,225.17 2 2
github.com/Suhaan-Bhandary/fundraiser-management/internal/api/fundraiser.go:225.17,229.4 3 1
github.com/Suhaan-Bhandary/fundraiser-management/internal/api/fundraiser.go:231.3,234.5 1 1
github.com/Suhaan-Bhandary/fundraiser-management/internal/api/fundraiser.go:238.98,239.54 1 1
github.com/Suhaan-Bhandary/fundraiser-management/internal/api/fundraiser.go:239.54,241.17 2 8
github.com/Suhaan-Bhandary/fundraiser-management/internal/api/fundraiser.go:241.17,245.4 3 3
github.com/Suhaan-Bhandary/fundraiser-management/internal/api/fundraiser.go:247.3,248.17 2 5
github.com/Suhaan-Bhandary/fundraiser-management/internal/api/fundraiser.go:248.17,251.4 2 1
github.com/Suhaan-Bhandary/fundraiser-management/internal/api/fundraiser.go:253.3,254.17 2 4
github.com/Suhaan-Bhandary/fundraiser-management/internal/api/fundraiser.go:254.17,258.4 3 1
github.com/Suhaan-Bhandary/fundraiser-management/internal/api/fundraiser.go:260.3,263.5 1 3
github.com/Suhaan-Bhandary/fundraiser-management/internal/api/fundraiser.go:267.105,268.54 1 1
github.com/Suhaan-Bhandary/fundraiser-management/internal/api/fundraiser.go:268.54,270.17 2 10
github.com/Suhaan-Bhandary/fundraiser-management/internal/api/fundraiser.go:270.17,274.4 3 2
github.com/Suhaan-Bhandary/fundraiser-management/internal/api/fundraiser.go:276.3,277.17 2 8
github.com/Suhaan-Bhandary/fundraiser-management/internal/api/fundraiser.go:277.17,280.4 2 5
github.com/Suhaan-Bhandary/fundraiser-management/internal/api/fundraiser.go:282.3,283.17 2 3
github.com/Suhaan-Bhandary/fundraiser-management/internal/api/fundraiser.go:283.17,287.4 3 2
github.com/Suhaan-Bhandary/fundraiser-management/internal/api/fundraiser.go:289.3,291.5 1 1
github.com/Suhaan-Bhandary/fundraiser-management/internal/api/fundraiser_decoder.go:12.83,15.16 3 9
github.com/Suhaan-Bhandary/fundraiser-management/internal/api/fundraiser_decoder.go:15.16,17.3 1 1
github.com/Suhaan-Bhandary/fundraiser-management/internal/api/fundraiser_decoder.go:20.2,21.16 2 8
github.com/Suhaan-Bhandary/fundraiser-management/internal/api/fundraiser_decoder.go:21.16,23.3 1 1
github.com/Suhaan-Bhandary/fundraiser-management/internal/api/fundraiser_decoder.go:24.2,26.17 2 7
github.com/Suhaan-Bhandary/fundraiser-management/internal/api/fundraiser_decoder.go:29.83,31.16 2 5
github.com/Suhaan-Bhandary/fundraiser-management/internal/api/fundraiser_decoder.go:31.16,33.3 1 1
github.com/Suhaan-Bhandary/fundraiser-management/internal/api/fundraiser_decoder.go:35.2,36.16 2 4
github.com/Suhaan-Bhandary/fundraiser-management/internal/api/fundraiser_decoder.go:36.16,38.3 1 1
github.com/Suhaan-Bhandary/fundraiser-management/internal/api/fundraiser_decoder.go:40.2,43.8 1 3
github.com/Suhaan-Bhandary/fundraiser-management/internal/api/fundraiser_decoder.go:46.79,50.16 3 7
github.com/Suhaan-Bhandary/fundraiser-management/internal/api/fundraiser_decoder.go:50.16,52.3 1 1
github.com/Suhaan-Bhandary/fundraiser-management/internal/api/fundraiser_decoder.go:54.2,55.16 2 6
github.com/Suhaan-Bhandary/fundraiser-management/internal/api/fundraiser_decoder.go:55.16,57.3 1 1
github.com/Suhaan-Bhandary/fundraiser-management/internal/api/fundraiser_decoder.go:59.2,60.37 2 5
github.com/Suhaan-Bhandary/fundraiser-management/internal/api/fundraiser_decoder.go:60.37,62.3 1 1
github.com/Suhaan-Bhandary/fundraiser-management/internal/api/fundraiser_decoder.go:64.2,67.17 3 4
github.com/Suhaan-Bhandary/fundraiser-management/internal/api/fundraiser_decoder.go:70.83,74.16 3 10
github.com/Suhaan-Bhandary/fundraiser-management/internal/api/fundraiser_decoder.go:74.16,76.3 1 1
github.com/Suhaan-Bhandary/fundraiser-management/internal/api/fundraiser_decoder.go:78.2,79.16 2 9
github.com/Suhaan-Bhandary/fundraiser-management/internal/api/fundraiser_decoder.go:79.16,81.3 1 1
github.com/Suhaan-Bhandary/fundraiser-management/internal/api/fundraiser_decoder.go:83.2,84.37 2 8
github.com/Suhaan-Bhandary/fundraiser-management/internal/api/fundraiser_decoder.go:84.37,86.3 1 0
github.com/Suhaan-Bhandary/fundraiser-management/internal/api/fundraiser_decoder.go:88.2,91.17 3 8
github.com/Suhaan-Bhandary/fundraiser-management/internal/api/fundraiser_decoder.go:94.80,98.30 3 8
github.com/Suhaan-Bhandary/fundraiser-management/internal/api/fundraiser_decoder.go:98.30,100.3 1 2
github.com/Suhaan-Bhandary/fundraiser-management/internal/api/fundraiser_decoder.go:102.2,103.29 2 6
github.com/Suhaan-Bhandary/fundraiser-management/internal/api/fundraiser_decoder.go:103.29,105.3 1 1
github.com/Suhaan-Bhandary/fundraiser-management/internal/api/fundraiser_decoder.go:108.2,109.16 2 5
github.com/Suhaan-Bhandary/fundraiser-management/internal/api/fundraiser_decoder.go:109.16,111.3 1 1
github.com/Suhaan-Bhandary/fundraiser-management/internal/api/fundraiser_decoder.go:113.2,121.17 2 5
github.com/Suhaan-Bhandary/fundraiser-management/internal/api/fundraiser_decoder.go:124.100,126.16 2 5
github.com/Suhaan-Bhandary/fundraiser-management/internal/api/fundraiser_decoder.go:126.16,128.3 1 0
github.com/Suhaan-Bhandary/fundraiser-management/internal/api/fundraiser_decoder.go:130.2,132.30 3 5
github.com/Suhaan-Bhandary/fundraiser-management/internal/api/fundraiser_decoder.go:132.30,134.3 1 1
github.com/Suhaan-Bhandary/fundraiser-management/internal/api/fundraiser_decoder.go:136.2,137.29 2 4
github.com/Suhaan-Bhandary/fundraiser-management/internal/api/fundraiser_decoder.go:137.29,139.3 1 1
github.com/Suhaan-Bhandary/fundraiser-management/internal/api/fundraiser_decoder.go:141.2,146.17 2 3
github.com/Suhaan-Bhandary/fundraiser-management/internal/api/fundraiser_decoder.go:149.88,154.37 3 8
github.com/Suhaan-Bhandary/fundraiser-management/internal/api/fundraiser_decoder.go:154.37,156.45 2 0
github.com/Suhaan-Bhandary/fundraiser-management/internal/api/fundraiser_decoder.go:156.45,158.4 1 0
github.com/Suhaan-Bhandary/fundraiser-management/internal/api/fundraiser_decoder.go:160.3,160.38 1 0
github.com/Suhaan-Bhandary/fundraiser-management/internal/api/fundraiser_decoder.go:163.2,164.30 2 8
github.com/Suhaan-Bhandary/fundraiser-management/internal/api/fundraiser_decoder.go:164.30,166.3 1 1
github.com/Suhaan-Bhandary/fundraiser-management/internal/api/fundraiser_decoder.go:168.2,169.29 2 7
github.com/Suhaan-Bhandary/fundraiser-management/internal/api/fundraiser_decoder.go:169.29,171.3 1 1
github.com/Suhaan-Bhandary/fundraiser-management/internal/api/fundraiser_decoder.go:174.2,175.16 2 6
github.com/Suhaan-Bhandary/fundraiser-management/internal/api/fundraiser_decoder.go:175.16,177.3 1 1
github.com/Suhaan-Bhandary/fundraiser-management/internal/api/fundraiser_decoder.go:179.2,188.17 2 6
github.com/Suhaan-Bhandary/fundraiser-management/internal/api/organizer.go:12.98,13.54 1 1
github.com/Suhaan-Bhandary/fundraiser-management/internal/api/organizer.go:13.54,15.17 2 10
github.com/Suhaan-Bhandary/fundraiser-management/internal/api/organizer.go:15.17,18.4 2 1
github.com/Suhaan-Bhandary/fundraiser-management/internal/api/organizer.go:20.3,21.17 2 9
github.com/Suhaan-Bhandary/fundraiser-management/internal/api/organizer.go:21.17,24.4 2 6
github.com/Suhaan-Bhandary/fundraiser-management/internal/api/organizer.go:26.3,27.17 2 3
github.com/Suhaan-Bhandary/fundraiser-management/internal/api/organizer.go:27.17,31.4 3 2
github.com/Suhaan-Bhandary/fundraiser-management/internal/api/organizer.go:33.3,35.5 1 1
github.com/Suhaan-Bhandary/fundraiser-management/internal/api/organizer.go:39.95,40.54 1 1
github.com/Suhaan-Bhandary/fundraiser-management/internal/api/organizer.go:40.54,42.17 2 7
github.com/Suhaan-Bhandary/fundraiser-management/internal/api/organizer.go:42.17,45.4 2 3
github.com/Suhaan-Bhandary/fundraiser-management/internal/api/organizer.go:47.3,48.17 2 4
github.com/Suhaan-Bhandary/fundraiser-management/internal/api/organizer.go:48.17,51.4 2 1
github.com/Suhaan-Bhandary/fundraiser-management/internal/api/organizer.go:53.3,54.17 2 3
github.com/Suhaan-Bhandary/fundraiser-management/internal/api/organizer.go:54.17,58.4 3 2
github.com/Suhaan-Bhandary/fundraiser-management/internal/api/organizer.go:60.3,63.5 1 1
github.com/Suhaan-Bhandary/fundraiser-management/internal/api/organizer.go:67.96,68.54 1 1
github.com/Suhaan-Bhandary/fundraiser-management/internal/api/organizer.go:68.54,70.17 2 5
github.com/Suhaan-Bhandary/fundraiser-management/internal/api/organizer.go:70.17,73.4 2 2
github.com/Suhaan-Bhandary/fundraiser-management/internal/api/organizer.go:75.3,76.17 2 3
github.com/Suhaan-Bhandary/fundraiser-management/internal/api/organizer.go:76.17,80.4 3 2
github.com/Suhaan-Bhandary/fundraiser-management/internal/api/organizer.go:82.3,84.5 1 1
github.com/Suhaan-Bhandary/fundraiser-management/internal/api/organizer.go:88.96,89.54 1 1
github.com/Suhaan-Bhandary/fundraiser-management/internal/api/organizer.go:89.54,91.17 2 5
github.com/Suhaan-Bhandary/fundraiser-management/internal/api/organizer.go:91.17,94.4 2 2
github.com/Suhaan-Bhandary/fundraiser-management/internal/api/organizer.go:96.3,97.17 2 3
github.com/Suhaan-Bhandary/fundraiser-management/internal/api/organizer.go:97.17,101.4 3 2
github.com/Suhaan-Bhandary/fundraiser-management/internal/api/organizer.go:103.3,105.5 1 1
github.com/Suhaan-Bhandary/fundraiser-management/internal/api/organizer.go:109.95,110.54 1 0
github.com/Suhaan-Bhandary/fundraiser-management/internal/api/organizer.go:110.54,112.17 2 0
github.com/Suhaan-Bhandary/fundraiser-management/internal/api/organizer.go:112.17,116.4 3 0
github.com/Suhaan-Bhandary/fundraiser-management/internal/api/organizer.go:118.3,119.17 2 0
github.com/Suhaan-Bhandary/fundraiser-management/internal/api/organizer.go:119.17,122.4 2 0
github.com/Suhaan-Bhandary/fundraiser-management/internal/api/organizer.go:124.3,125.17 2 0
github.com/Suhaan-Bhandary/fundraiser-management/internal/api/organizer.go:125.17,128.4 2 0
github.com/Suhaan-Bhandary/fundraiser-management/internal/api/organizer.go:130.3,133.5 1 0
github.com/Suhaan-Bhandary/fundraiser-management/internal/api/organizer.go:137.93,138.54 1 1
github.com/Suhaan-Bhandary/fundraiser-management/internal/api/organizer.go:138.54,140.17 2 5
github.com/Suhaan-Bhandary/fundraiser-management/internal/api/organizer.go:140.17,143.4 2 2
github.com/Suhaan-Bhandary/fundraiser-management/internal/api/organizer.go:145.3,146.17 2 3
github.com/Suhaan-Bhandary/fundraiser-management/internal/api/organizer.go:146.17,150.4 3 2
github.com/Suhaan-Bhandary/fundraiser-management/internal/api/organizer.go:152.3,154.5 1 1
github.com/Suhaan-Bhandary/fundraiser-management/internal/api/organizer.go:158.96,159.54 1 1
github.com/Suhaan-Bhandary/fundraiser-management/internal/api/organizer.go:159.54,161.17 2 9
github.com/Suhaan-Bhandary/fundraiser-management/internal/api/organizer.go:161.17,165.4 3 2
github.com/Suhaan-Bhandary/fundraiser-management/internal/api/organizer.go:167.3,168.17 2 7
github.com/Suhaan-Bhandary/fundraiser-management/internal/api/organizer.go:168.17,171.4 2 4
github.com/Suhaan-Bhandary/fundraiser-management/internal/api/organizer.go:173.3,174.17 2 3
github.com/Suhaan-Bhandary/fundraiser-management/internal/api/organizer.go:174.17,178.4 3 2
github.com/Suhaan-Bhandary/fundraiser-management/internal/api/organizer.go:180.3,182.5 1 1
github.com/Suhaan-Bhandary/fundraiser-management/internal/api/organizer_decoder.go:13.92,16.16 3 10
github.com/Suhaan-Bhandary/fundraiser-management/internal/api/organizer_decoder.go:16.16,18.3 1 1
github.com/Suhaan-Bhandary/fundraiser-management/internal/api/organizer_decoder.go:20.2,20.17 1 9
github.com/Suhaan-Bhandary/fundraiser-management/internal/api/organizer_decoder.go:23.86,26.16 3 7
github.com/Suhaan-Bhandary/fundraiser-management/internal/api/organizer_decoder.go:26.16,28.3 1 3
github.com/Suhaan-Bhandary/fundraiser-management/internal/api/organizer_decoder.go:30.2,30.17 1 4
github.com/Suhaan-Bhandary/fundraiser-management/internal/api/organizer_decoder.go:33.88,36.16 3 9
github.com/Suhaan-Bhandary/fundraiser-management/internal/api/organizer_decoder.go:36.16,38.3 1 1
github.com/Suhaan-Bhandary/fundraiser-management/internal/api/organizer_decoder.go:40.2,41.16 2 8
github.com/Suhaan-Bhandary/fundraiser-management/internal/api/organizer_decoder.go:41.16,43.3 1 1
github.com/Suhaan-Bhandary/fundraiser-management/internal/api/organizer_decoder.go:44.2,46.17 2 7
github.com/Suhaan-Bhandary/fundraiser-management/internal/api/organizer_decoder.go:49.85,53.30 3 0
github.com/Suhaan-Bhandary/fundraiser-management/internal/api/organizer_decoder.go:53.30,55.3 1 0
github.com/Suhaan-Bhandary/fundraiser-management/internal/api/organizer_decoder.go:57.2,58.29 2 0
github.com/Suhaan-Bhandary/fundraiser-management/internal/api/organizer_decoder.go:58.29,60.3 1 0
github.com/Suhaan-Bhandary/fundraiser-management/internal/api/organizer_decoder.go:63.2,64.16 2 0
github.com/Suhaan-Bhandary/fundraiser-management/internal/api/organizer_decoder.go:64.16,66.3 1 0
github.com/Suhaan-Bhandary/fundraiser-management/internal/api/organizer_decoder.go:68.2,76.17 2 0
github.com/Suhaan-Bhandary/fundraiser-management/internal/api/router.go:13.62,16.2 2 0
github.com/Suhaan-Bhandary/fundraiser-management/internal/api/router.go:25.51,71.2 32 0
github.com/Suhaan-Bhandary/fundraiser-management/internal/api/user.go:13.89,14.54 1 1
github.com/Suhaan-Bhandary/fundraiser-management/internal/api/user.go:14.54,16.17 2 9
github.com/Suhaan-Bhandary/fundraiser-management/internal/api/user.go:16.17,19.4 2 2
github.com/Suhaan-Bhandary/fundraiser-management/internal/api/user.go:21.3,22.17 2 7
github.com/Suhaan-Bhandary/fundraiser-management/internal/api/user.go:22.17,25.4 2 4
github.com/Suhaan-Bhandary/fundraiser-management/internal/api/user.go:27.3,28.17 2 3
github.com/Suhaan-Bhandary/fundraiser-management/internal/api/user.go:28.17,32.4 3 2
github.com/Suhaan-Bhandary/fundraiser-management/internal/api/user.go:34.3,36.5 1 1
github.com/Suhaan-Bhandary/fundraiser-management/internal/api/user.go:40.86,41.54 1 1
github.com/Suhaan-Bhandary/fundraiser-management/internal/api/user.go:41.54,43.17 2 6
github.com/Suhaan-Bhandary/fundraiser-management/internal/api/user.go:43.17,46.4 2 3
github.com/Suhaan-Bhandary/fundraiser-management/internal/api/user.go:48.3,49.17 2 3
github.com/Suhaan-Bhandary/fundraiser-management/internal/api/user.go:49.17,52.4 2 1
github.com/Suhaan-Bhandary/fundraiser-management/internal/api/user.go:54.3,55.17 2 2
github.com/Suhaan-Bhandary/fundraiser-management/internal/api/user.go:55.17,59.4 3 1
github.com/Suhaan-Bhandary/fundraiser-management/internal/api/user.go:61.3,63.5 1 1
github.com/Suhaan-Bhandary/fundraiser-management/internal/api/user.go:67.87,68.54 1 1
github.com/Suhaan-Bhandary/fundraiser-management/internal/api/user.go:68.54,70.17 2 5
github.com/Suhaan-Bhandary/fundraiser-management/internal/api/user.go:70.17,73.4 2 2
github.com/Suhaan-Bhandary/fundraiser-management/internal/api/user.go:75.3,76.17 2 3
github.com/Suhaan-Bhandary/fundraiser-management/internal/api/user.go:76.17,80.4 3 2
github.com/Suhaan-Bhandary/fundraiser-management/internal/api/user.go:82.3,84.5 1 1
github.com/Suhaan-Bhandary/fundraiser-management/internal/api/user.go:88.86,89.54 1 0
github.com/Suhaan-Bhandary/fundraiser-management/internal/api/user.go:89.54,91.17 2 0
github.com/Suhaan-Bhandary/fundraiser-management/internal/api/user.go:91.17,95.4 3 0
github.com/Suhaan-Bhandary/fundraiser-management/internal/api/user.go:97.3,98.17 2 0
github.com/Suhaan-Bhandary/fundraiser-management/internal/api/user.go:98.17,101.4 2 0
github.com/Suhaan-Bhandary/fundraiser-management/internal/api/user.go:103.3,104.17 2 0
github.com/Suhaan-Bhandary/fundraiser-management/internal/api/user.go:104.17,107.4 2 0
github.com/Suhaan-Bhandary/fundraiser-management/internal/api/user.go:109.3,112.5 1 0
github.com/Suhaan-Bhandary/fundraiser-management/internal/api/user.go:116.91,117.54 1 1
github.com/Suhaan-Bhandary/fundraiser-management/internal/api/user.go:117.54,119.17 2 3
github.com/Suhaan-Bhandary/fundraiser-management/internal/api/user.go:119.17,122.4 2 1
github.com/Suhaan-Bhandary/fundraiser-management/internal/api/user.go:124.3,125.17 2 2
github.com/Suhaan-Bhandary/fundraiser-management/internal/api/user.go:125.17,129.4 3 1
github.com/Suhaan-Bhandary/fundraiser-management/internal/api/user.go:131.3,133.5 1 1
github.com/Suhaan-Bhandary/fundraiser-management/internal/api/user.go:137.102,138.54 1 0
github.com/Suhaan-Bhandary/fundraiser-management/internal/api/user.go:138.54,140.17 2 0
github.com/Suhaan-Bhandary/fundraiser-management/internal/api/user.go:140.17,144.4 3 0
github.com/Suhaan-Bhandary/fundraiser-management/internal/api/user.go:146.3,147.17 2 0
github.com/Suhaan-Bhandary/fundraiser-management/internal/api/user.go:147.17,150.4 2 0
github.com/Suhaan-Bhandary/fundraiser-management/internal/api/user.go:152.3,153.17 2 0
github.com/Suhaan-Bhandary/fundraiser-management/internal/api/user.go:153.17,156.4 2 0
github.com/Suhaan-Bhandary/fundraiser-management/internal/api/user.go:158.3,161.5 1 0
github.com/Suhaan-Bhandary/fundraiser-management/internal/api/user_decoder.go:13.82,16.16 3 9
github.com/Suhaan-Bhandary/fundraiser-management/internal/api/user_decoder.go:16.16,18.3 1 2
github.com/Suhaan-Bhandary/fundraiser-management/internal/api/user_decoder.go:20.2,20.17 1 7
github.com/Suhaan-Bhandary/fundraiser-management/internal/api/user_decoder.go:23.76,26.16 3 6
github.com/Suhaan-Bhandary/fundraiser-management/internal/api/user_decoder.go:26.16,28.3 1 3
github.com/Suhaan-Bhandary/fundraiser-management/internal/api/user_decoder.go:30.2,30.17 1 3
github.com/Suhaan-Bhandary/fundraiser-management/internal/api/user_decoder.go:33.74,37.30 3 0
github.com/Suhaan-Bhandary/fundraiser-management/internal/api/user_decoder.go:37.30,39.3 1 0
github.com/Suhaan-Bhandary/fundraiser-management/internal/api/user_decoder.go:41.2,42.29 2 0
github.com/Suhaan-Bhandary/fundraiser-management/internal/api/user_decoder.go:42.29,44.3 1 0
github.com/Suhaan-Bhandary/fundraiser-management/internal/api/user_decoder.go:47.2,48.16 2 0
github.com/Suhaan-Bhandary/fundraiser-management/internal/api/user_decoder.go:48.16,50.3 1 0
github.com/Suhaan-Bhandary/fundraiser-management/internal/api/user_decoder.go:52.2,59.17 2 0
github.com/Suhaan-Bhandary/fundraiser-management/internal/api/user_decoder.go:62.92,66.30 3 0
github.com/Suhaan-Bhandary/fundraiser-management/internal/api/user_decoder.go:66.30,68.3 1 0
github.com/Suhaan-Bhandary/fundraiser-management/internal/api/user_decoder.go:70.2,71.29 2 0
github.com/Suhaan-Bhandary/fundraiser-management/internal/api/user_decoder.go:71.29,73.3 1 0
github.com/Suhaan-Bhandary/fundraiser-management/internal/api/user_decoder.go:76.2,77.16 2 0
github.com/Suhaan-Bhandary/fundraiser-management/internal/api/user_decoder.go:77.16,79.3 1 0
github.com/Suhaan-Bhandary/fundraiser-management/internal/api/user_decoder.go:81.2,82.16 2 0
github.com/Suhaan-Bhandary/fundraiser-management/internal/api/user_decoder.go:82.16,84.3 1 0
github.com/Suhaan-Bhandary/fundraiser-management/internal/api/user_decoder.go:86.2,95.17 2 0
github.com/Suhaan-Bhandary/fundraiser-management/internal/app/donation/service.go:22.109,27.2 1 4
github.com/Suhaan-Bhandary/fundraiser-management/internal/app/donation/service.go:29.100,31.16 2 6
github.com/Suhaan-Bhandary/fundraiser-management/internal/app/donation/service.go:31.16,33.3 1 1
github.com/Suhaan-Bhandary/fundraiser-management/internal/app/donation/service.go:35.2,35.49 1 5
github.com/Suhaan-Bhandary/fundraiser-management/internal/app/donation/service.go:35.49,37.3 1 2
github.com/Suhaan-Bhandary/fundraiser-management/internal/app/donation/service.go:39.2,40.16 2 3
github.com/Suhaan-Bhandary/fundraiser-management/internal/app/donation/service.go:40.16,42.3 1 1
github.com/Suhaan-Bhandary/fundraiser-management/internal/app/donation/service.go:45.2,46.16 2 2
github.com/Suhaan-Bhandary/fundraiser-management/internal/app/donation/service.go:46.16,48.3 1 1
github.com/Suhaan-Bhandary/fundraiser-management/internal/app/donation/service.go:50.2,50.24 1 1
github.com/Suhaan-Bhandary/fundraiser-management/internal/app/donation/service.go:53.114,55.16 2 4
github.com/Suhaan-Bhandary/fundraiser-management/internal/app/donation/service.go:55.16,57.3 1 1
github.com/Suhaan-Bhandary/fundraiser-management/internal/app/donation/service.go:59.2,60.16 2 3
github.com/Suhaan-Bhandary/fundraiser-management/internal/app/donation/service.go:60.16,62.3 1 1
github.com/Suhaan-Bhandary/fundraiser-management/internal/app/donation/service.go:64.2,64.39 1 2
github.com/Suhaan-Bhandary/fundraiser-management/internal/app/donation/service.go:67.137,69.16 2 3
github.com/Suhaan-Bhandary/fundraiser-management/internal/app/donation/service.go:69.16,71.3 1 1
github.com/Suhaan-Bhandary/fundraiser-management/internal/app/donation/service.go:73.2,74.16 2 2
github.com/Suhaan-Bhandary/fundraiser-management/internal/app/donation/service.go:74.16,76.3 1 1
github.com/Suhaan-Bhandary/fundraiser-management/internal/app/donation/service.go:78.2,78.45 1 1
github.com/Suhaan-Bhandary/fundraiser-management/internal/app/donation/service.go:81.117,83.16 2 4
github.com/Suhaan-Bhandary/fundraiser-management/internal/app/donation/service.go:83.16,85.3 1 1
github.com/Suhaan-Bhandary/fundraiser-management/internal/app/donation/service.go:87.2,88.16 2 3
github.com/Suhaan-Bhandary/fundraiser-management/internal/app/donation/service.go:88.16,90.3 1 1
github.com/Suhaan-Bhandary/fundraiser-management/internal/app/donation/service.go:92.2,92.35 1 2
github.com/Suhaan-Bhandary/fundraiser-management/internal/app/fundraiser/service.go:26.63,30.2 1 8
github.com/Suhaan-Bhandary/fundraiser-management/internal/app/fundraiser/service.go:32.96,34.16 2 2
github.com/Suhaan-Bhandary/fundraiser-management/internal/app/fundraiser/service.go:34.16,36.3 1 1
github.com/Suhaan-Bhandary/fundraiser-management/internal/app/fundraiser/service.go:38.2,38.26 1 1
github.com/Suhaan-Bhandary/fundraiser-management/internal/app/fundraiser/service.go:41.81,43.43 1 5
github.com/Suhaan-Bhandary/fundraiser-management/internal/app/fundraiser/service.go:43.43,45.17 2 3
github.com/Suhaan-Bhandary/fundraiser-management/internal/app/fundraiser/service.go:45.17,47.4 1 1
github.com/Suhaan-Bhandary/fundraiser-management/internal/app/fundraiser/service.go:49.3,49.44 1 2
github.com/Suhaan-Bhandary/fundraiser-management/internal/app/fundraiser/service.go:49.44,53.4 1 1
github.com/Suhaan-Bhandary/fundraiser-management/internal/app/fundraiser/service.go:56.2,57.16 2 3
github.com/Suhaan-Bhandary/fundraiser-management/internal/app/fundraiser/service.go:57.16,59.3 1 1
github.com/Suhaan-Bhandary/fundraiser-management/internal/app/fundraiser/service.go:61.2,61.12 1 2
github.com/Suhaan-Bhandary/fundraiser-management/internal/app/fundraiser/service.go:64.92,66.16 2 2
github.com/Suhaan-Bhandary/fundraiser-management/internal/app/fundraiser/service.go:66.16,68.3 1 1
github.com/Suhaan-Bhandary/fundraiser-management/internal/app/fundraiser/service.go:70.2,70.30 1 1
github.com/Suhaan-Bhandary/fundraiser-management/internal/app/fundraiser/service.go:73.87,76.16 2 6
github.com/Suhaan-Bhandary/fundraiser-management/internal/app/fundraiser/service.go:76.16,78.3 1 1
github.com/Suhaan-Bhandary/fundraiser-management/internal/app/fundraiser/service.go:80.2,80.43 1 5
github.com/Suhaan-Bhandary/fundraiser-management/internal/app/fundraiser/service.go:80.43,84.3 1 1
github.com/Suhaan-Bhandary/fundraiser-management/internal/app/fundraiser/service.go:86.2,86.51 1 4
github.com/Suhaan-Bhandary/fundraiser-management/internal/app/fundraiser/service.go:86.51,90.3 1 1
github.com/Suhaan-Bhandary/fundraiser-management/internal/app/fundraiser/service.go:92.2,92.49 1 3
github.com/Suhaan-Bhandary/fundraiser-management/internal/app/fundraiser/service.go:92.49,96.3 1 1
github.com/Suhaan-Bhandary/fundraiser-management/internal/app/fundraiser/service.go:98.2,99.16 2 2
github.com/Suhaan-Bhandary/fundraiser-management/internal/app/fundraiser/service.go:99.16,101.3 1 1
github.com/Suhaan-Bhandary/fundraiser-management/internal/app/fundraiser/service.go:103.2,103.12 1 1
github.com/Suhaan-Bhandary/fundraiser-management/internal/app/fundraiser/service.go:106.64,108.16 2 2
github.com/Suhaan-Bhandary/fundraiser-management/internal/app/fundraiser/service.go:108.16,110.3 1 1
github.com/Suhaan-Bhandary/fundraiser-management/internal/app/fundraiser/service.go:112.2,112.12 1 1
github.com/Suhaan-Bhandary/fundraiser-management/internal/app/fundraiser/service.go:115.66,117.16 2 2
github.com/Suhaan-Bhandary/fundraiser-management/internal/app/fundraiser/service.go:117.16,119.3 1 1
github.com/Suhaan-Bhandary/fundraiser-management/internal/app/fundraiser/service.go:121.2,121.12 1 1
github.com/Suhaan-Bhandary/fundraiser-management/internal/app/fundraiser/service.go:124.109,126.16 2 3
github.com/Suhaan-Bhandary/fundraiser-management/internal/app/fundraiser/service.go:126.16,128.3 1 1
github.com/Suhaan-Bhandary/fundraiser-management/internal/app/fundraiser/service.go:130.2,131.16 2 2
github.com/Suhaan-Bhandary/fundraiser-management/internal/app/fundraiser/service.go:131.16,133.3 1 1
github.com/Suhaan-Bhandary/fundraiser-management/internal/app/fundraiser/service.go:135.2,135.37 1 1
github.com/Suhaan-Bhandary/fundraiser-management/internal/app/fundraiser/service.go:138.90,140.16 2 5
github.com/Suhaan-Bhandary/fundraiser-management/internal/app/fundraiser/service.go:140.16,142.3 1 1
github.com/Suhaan-Bhandary/fundraiser-management/internal/app/fundraiser/service.go:144.2,144.62 1 4
github.com/Suhaan-Bhandary/fundraiser-management/internal/app/fundraiser/service.go:144.62,148.3 1 1
github.com/Suhaan-Bhandary/fundraiser-management/internal/app/fundraiser/service.go:150.2,151.16 2 3
github.com/Suhaan-Bhandary/fundraiser-management/internal/app/fundraiser/service.go:151.16,153.3 1 1
github.com/Suhaan-Bhandary/fundraiser-management/internal/app/fundraiser/service.go:156.2,157.16 2 2
github.com/Suhaan-Bhandary/fundraiser-management/internal/app/fundraiser/service.go:157.16,159.3 1 1
github.com/Suhaan-Bhandary/fundraiser-management/internal/app/fundraiser/service.go:161.2,161.12 1 1
github.com/Suhaan-Bhandary/fundraiser-management/internal/app/admin/service.go:23.59,27.2 1 2
github.com/Suhaan-Bhandary/fundraiser-management/internal/app/admin/service.go:29.76,32.16 2 2
github.com/Suhaan-Bhandary/fundraiser-management/internal/app/admin/service.go:32.16,34.3 1 0
github.com/Suhaan-Bhandary/fundraiser-management/internal/app/admin/service.go:35.2,38.16 3 2
github.com/Suhaan-Bhandary/fundraiser-management/internal/app/admin/service.go:38.16,40.3 1 1
github.com/Suhaan-Bhandary/fundraiser-management/internal/app/admin/service.go:42.2,42.12 1 1
github.com/Suhaan-Bhandary/fundraiser-management/internal/app/admin/service.go:45.80,47.16 2 3
github.com/Suhaan-Bhandary/fundraiser-management/internal/app/admin/service.go:47.16,49.3 1 1
github.com/Suhaan-Bhandary/fundraiser-management/internal/app/admin/service.go:51.2,52.14 2 2
github.com/Suhaan-Bhandary/fundraiser-management/internal/app/admin/service.go:52.14,54.3 1 1
github.com/Suhaan-Bhandary/fundraiser-management/internal/app/admin/service.go:56.2,57.16 2 1
github.com/Suhaan-Bhandary/fundraiser-management/internal/app/admin/service.go:57.16,59.3 1 0
github.com/Suhaan-Bhandary/fundraiser-management/internal/app/admin/service.go:61.2,61.19 1 1
github.com/Suhaan-Bhandary/fundraiser-management/internal/app/user/service.go:26.57,30.2 1 5
github.com/Suhaan-Bhandary/fundraiser-management/internal/app/user/service.go:32.80,35.16 2 2
github.com/Suhaan-Bhandary/fundraiser-management/internal/app/user/service.go:35.16,37.3 1 0
github.com/Suhaan-Bhandary/fundraiser-management/internal/app/user/service.go:38.2,41.16 3 2
github.com/Suhaan-Bhandary/fundraiser-management/internal/app/user/service.go:41.16,43.3 1 1
github.com/Suhaan-Bhandary/fundraiser-management/internal/app/user/service.go:45.2,45.12 1 1
github.com/Suhaan-Bhandary/fundraiser-management/internal/app/user/service.go:48.77,50.16 2 3
github.com/Suhaan-Bhandary/fundraiser-management/internal/app/user/service.go:50.16,52.3 1 1
github.com/Suhaan-Bhandary/fundraiser-management/internal/app/user/service.go:54.2,55.14 2 2
github.com/Suhaan-Bhandary/fundraiser-management/internal/app/user/service.go:55.14,57.3 1 1
github.com/Suhaan-Bhandary/fundraiser-management/internal/app/user/service.go:59.2,60.16 2 1
github.com/Suhaan-Bhandary/fundraiser-management/internal/app/user/service.go:60.16,62.3 1 0
github.com/Suhaan-Bhandary/fundraiser-management/internal/app/user/service.go:64.2,64.19 1 1
github.com/Suhaan-Bhandary/fundraiser-management/internal/app/user/service.go:67.55,69.16 2 2
github.com/Suhaan-Bhandary/fundraiser-management/internal/app/user/service.go:69.16,71.3 1 1
github.com/Suhaan-Bhandary/fundraiser-management/internal/app/user/service.go:73.2,73.12 1 1
github.com/Suhaan-Bhandary/fundraiser-management/internal/app/user/service.go:76.90,78.16 2 3
github.com/Suhaan-Bhandary/fundraiser-management/internal/app/user/service.go:78.16,80.3 1 1
github.com/Suhaan-Bhandary/fundraiser-management/internal/app/user/service.go:82.2,83.16 2 2
github.com/Suhaan-Bhandary/fundraiser-management/internal/app/user/service.go:83.16,85.3 1 1
github.com/Suhaan-Bhandary/fundraiser-management/internal/app/user/service.go:87.2,87.31 1 1
github.com/Suhaan-Bhandary/fundraiser-management/internal/app/user/service.go:90.75,93.16 2 2
github.com/Suhaan-Bhandary/fundraiser-management/internal/app/user/service.go:93.16,95.3 1 1
github.com/Suhaan-Bhandary/fundraiser-management/internal/app/user/service.go:97.2,97.18 1 1
github.com/Suhaan-Bhandary/fundraiser-management/internal/app/organizer/service.go:28.67,32.2 1 7
github.com/Suhaan-Bhandary/fundraiser-management/internal/app/organizer/service.go:34.88,37.16 2 2
github.com/Suhaan-Bhandary/fundraiser-management/internal/app/organizer/service.go:37.16,39.3 1 0
github.com/Suhaan-Bhandary/fundraiser-management/internal/app/organizer/service.go:40.2,43.16 3 2
github.com/Suhaan-Bhandary/fundraiser-management/internal/app/organizer/service.go:43.16,45.3 1 1
github.com/Suhaan-Bhandary/fundraiser-management/internal/app/organizer/service.go:47.2,47.12 1 1
github.com/Suhaan-Bhandary/fundraiser-management/internal/app/organizer/service.go:50.64,52.16 2 2
github.com/Suhaan-Bhandary/fundraiser-management/internal/app/organizer/service.go:52.16,54.3 1 1
github.com/Suhaan-Bhandary/fundraiser-management/internal/app/organizer/service.go:56.2,56.12 1 1
github.com/Suhaan-Bhandary/fundraiser-management/internal/app/organizer/service.go:59.92,61.16 2 4
github.com/Suhaan-Bhandary/fundraiser-management/internal/app/organizer/service.go:61.16,63.3 1 1
github.com/Suhaan-Bhandary/fundraiser-management/internal/app/organizer/service.go:65.2,65.17 1 3
github.com/Suhaan-Bhandary/fundraiser-management/internal/app/organizer/service.go:65.17,67.3 1 1
github.com/Suhaan-Bhandary/fundraiser-management/internal/app/organizer/service.go:69.2,70.14 2 2
github.com/Suhaan-Bhandary/fundraiser-management/internal/app/organizer/service.go:70.14,72.3 1 1
github.com/Suhaan-Bhandary/fundraiser-management/internal/app/organizer/service.go:74.2,75.16 2 1
github.com/Suhaan-Bhandary/fundraiser-management/internal/app/organizer/service.go:75.16,77.3 1 0
github.com/Suhaan-Bhandary/fundraiser-management/internal/app/organizer/service.go:79.2,79.27 1 1
github.com/Suhaan-Bhandary/fundraiser-management/internal/app/organizer/service.go:82.64,84.16 2 2
github.com/Suhaan-Bhandary/fundraiser-management/internal/app/organizer/service.go:84.16,86.3 1 1
github.com/Suhaan-Bhandary/fundraiser-management/internal/app/organizer/service.go:88.2,88.12 1 1
github.com/Suhaan-Bhandary/fundraiser-management/internal/app/organizer/service.go:91.107,93.16 2 3
github.com/Suhaan-Bhandary/fundraiser-management/internal/app/organizer/service.go:93.16,95.3 1 1
github.com/Suhaan-Bhandary/fundraiser-management/internal/app/organizer/service.go:97.2,98.16 2 2
github.com/Suhaan-Bhandary/fundraiser-management/internal/app/organizer/service.go:98.16,100.3 1 1
github.com/Suhaan-Bhandary/fundraiser-management/internal/app/organizer/service.go:102.2,102.36 1 1
github.com/Suhaan-Bhandary/fundraiser-management/internal/app/organizer/service.go:105.82,107.16 2 2
github.com/Suhaan-Bhandary/fundraiser-management/internal/app/organizer/service.go:107.16,109.3 1 1
github.com/Suhaan-Bhandary/fundraiser-management/internal/app/organizer/service.go:111.2,111.23 1 1
github.com/Suhaan-Bhandary/fundraiser-management/internal/app/organizer/service.go:114.78,116.16 2 2
github.com/Suhaan-Bhandary/fundraiser-management/internal/app/organizer/service.go:116.16,118.3 1 1
github.com/Suhaan-Bhandary/fundraiser-management/internal/app/organizer/service.go:120.2,120.12 1 1
